

   Time         sum(rTop)     sum(rRoot)    sum(vTop)     sum(vRoot)     sum(vBot)    hTop       hRoot      hBot      A-level
    [T]           [L]           [L]           [L]           [L]            [L]        [L]         [L]       [L] 

   253.00000  0.476301E+00  0.000000E+00  0.600050E-02  0.000000E+00 -0.127445E-07-100000.000 -20696.607 -19755.832       1
   254.00000 -0.174740E+01  0.000000E+00 -0.221770E+01  0.000000E+00 -0.254890E-07    -43.715 -12902.825 -19755.832       2
   255.00000 -0.411585E+01  0.000000E+00 -0.458614E+01  0.000000E+00 -0.382335E-07    -25.639  -7619.569 -19755.832       3
   256.00000 -0.374149E+01  0.000000E+00 -0.421179E+01  0.000000E+00 -0.509780E-07   -172.819  -4541.693 -19755.832       4
   257.00000 -0.337872E+01  0.000000E+00 -0.384902E+01  0.000000E+00 -0.637225E-07   -624.731  -3313.129 -19755.832       5
   258.00000 -0.301088E+01  0.000000E+00 -0.348672E+01  0.000000E+00 -0.764670E-07-100000.000  -3703.805 -19755.832       6
   259.00000 -0.264571E+01  0.000000E+00 -0.332689E+01  0.000000E+00 -0.892115E-07-100000.000  -3154.179 -19755.832       7
   260.00000 -0.224245E+01  0.000000E+00 -0.322532E+01  0.000000E+00 -0.101956E-06-100000.000  -2709.412 -19755.832       8
   261.00000 -0.186615E+01  0.000000E+00 -0.314767E+01  0.000000E+00 -0.114701E-06-100000.000  -2356.922 -19755.832       9
   262.00000 -0.151682E+01  0.000000E+00 -0.308506E+01  0.000000E+00 -0.127445E-06-100000.000  -2078.338 -19755.832      10
   263.00000 -0.142531E+01  0.000000E+00 -0.303084E+01  0.000000E+00 -0.140190E-06-100000.000  -1980.096 -19755.832      11
   264.00000 -0.114872E+01  0.000000E+00 -0.298432E+01  0.000000E+00 -0.152934E-06-100000.000  -1960.614 -19755.832      12
   265.00000 -0.136841E+01  0.000000E+00 -0.320400E+01  0.000000E+00 -0.165679E-06   -303.097   -638.570 -19755.832      13
   266.00000 -0.109082E+01  0.000000E+00 -0.298683E+01  0.000000E+00 -0.178423E-06-100000.000  -1890.755 -19755.832      14
   267.00000 -0.830739E+00  0.000000E+00 -0.292986E+01  0.000000E+00 -0.191168E-06-100000.000  -1941.767 -19755.832      15
   268.00000 -0.552380E+00  0.000000E+00 -0.289045E+01  0.000000E+00 -0.203912E-06-100000.000  -1974.022 -19755.832      16
   269.00000 -0.271062E+00  0.000000E+00 -0.285731E+01  0.000000E+00 -0.216657E-06-100000.000  -1999.542 -19755.832      17
   270.00000  0.226494E-01  0.000000E+00 -0.282796E+01  0.000000E+00 -0.229401E-06-100000.000  -2024.080 -19755.832      18
   271.00000  0.344686E+00  0.000000E+00 -0.280218E+01  0.000000E+00 -0.242146E-06-100000.000  -2049.132 -19755.832      19
   272.00000  0.717045E+00  0.000000E+00 -0.277881E+01  0.000000E+00 -0.254890E-06-100000.000  -2072.564 -19755.832      20
   273.00000  0.111305E+01  0.000000E+00 -0.275753E+01  0.000000E+00 -0.267635E-06-100000.000  -2093.062 -19755.832      21
   274.00000  0.151113E+01  0.000000E+00 -0.273694E+01  0.000000E+00 -0.280379E-06-100000.000  -2114.428 -19755.832      22
   275.00000  0.190825E+01  0.000000E+00 -0.271783E+01  0.000000E+00 -0.293124E-06-100000.000  -2135.020 -19755.832      23
   276.00000  0.223923E+01  0.000000E+00 -0.269985E+01  0.000000E+00 -0.305868E-06-100000.000  -2154.748 -19755.832      24
   277.00000  0.255991E+01  0.000000E+00 -0.268284E+01  0.000000E+00 -0.318613E-06-100000.000  -2174.324 -19755.832      25
   278.00000  0.285664E+01  0.000000E+00 -0.266700E+01  0.000000E+00 -0.331357E-06-100000.000  -2192.817 -19755.832      26
   279.00000  0.316139E+01  0.000000E+00 -0.265191E+01  0.000000E+00 -0.344102E-06-100000.000  -2211.031 -19755.832      27
   280.00000  0.347353E+01  0.000000E+00 -0.263798E+01  0.000000E+00 -0.356846E-06-100000.000  -2225.754 -19755.832      28
   281.00000  0.375676E+01  0.000000E+00 -0.262410E+01  0.000000E+00 -0.369591E-06-100000.000  -2245.119 -19755.832      29
   282.00000  0.402096E+01  0.000000E+00 -0.261085E+01  0.000000E+00 -0.382335E-06-100000.000  -2262.948 -19755.832      30
   283.00000  0.427394E+01  0.000000E+00 -0.259803E+01  0.000000E+00 -0.395080E-06-100000.000  -2280.364 -19755.832      31
end
