 ******* Program HYDRUS
 ******* 
 Welcome to HYDRUS-1D                                                    
 Date:  30. 1.2024    Time:  16:22:54
 Units: L = cm   , T = days , M = mmol 

----------------------------------------------------------
 Time       [T]      252.0000
----------------------------------------------------------
 Sub-region num.                     1
----------------------------------------------------------
 Length   [L]        0.10000E+03  0.10000E+03
 W-volume [L]        0.10000E+02  0.10000E+02
 In-flow  [L/T]      0.00000E+00  0.00000E+00
 h Mean   [L]       -0.19756E+05 -0.19756E+05
 ConcVol  [M/L2] 1   0.57101E+03  0.57101E+03
 cMean    [M/L3] 1   0.57101E+02  0.57101E+02
 Top Flux [L/T]     -0.12745E-07
 Bot Flux [L/T]     -0.12745E-07
----------------------------------------------------------

----------------------------------------------------------
 Time       [T]      253.0000
----------------------------------------------------------
 Sub-region num.                     1
----------------------------------------------------------
 Length   [L]        0.10000E+03  0.10000E+03
 W-volume [L]        0.99940E+01  0.99940E+01
 In-flow  [L/T]     -0.61341E-03 -0.61341E-03
 h Mean   [L]       -0.20034E+05 -0.20034E+05
 ConcVol  [M/L2] 1   0.57042E+03  0.57042E+03
 cMean    [M/L3] 1   0.57093E+02  0.57093E+02
 Top Flux [L/T]      0.61341E-03
 Bot Flux [L/T]     -0.12745E-07
 WatBalT  [L]       -0.41910E-08
 WatBalR  [%]              0.000
 CncBalT  [M]    1  -0.20215E-01
 CncBalR  [%]    1         2.558
----------------------------------------------------------

----------------------------------------------------------
 Time       [T]      254.0000
----------------------------------------------------------
 Sub-region num.                     1
----------------------------------------------------------
 Length   [L]        0.10000E+03  0.10000E+03
 W-volume [L]        0.12218E+02  0.12218E+02
 In-flow  [L/T]      0.22237E+01  0.22237E+01
 h Mean   [L]       -0.17727E+05 -0.17727E+05
 ConcVol  [M/L2] 1   0.16904E+04  0.16904E+04
 cMean    [M/L3] 1   0.85789E+02  0.85789E+02
 Top Flux [L/T]     -0.22110E+01
 Bot Flux [L/T]     -0.12745E-07
 WatBalT  [L]       -0.47684E-06
 WatBalR  [%]              0.000
 CncBalT  [M]    1  -0.20264E-01
 CncBalR  [%]    1         0.002
----------------------------------------------------------

----------------------------------------------------------
 Time       [T]      255.0000
----------------------------------------------------------
 Sub-region num.                     1
----------------------------------------------------------
 Length   [L]        0.10000E+03  0.10000E+03
 W-volume [L]        0.14586E+02  0.14586E+02
 In-flow  [L/T]      0.23684E+01  0.23684E+01
 h Mean   [L]       -0.16162E+05 -0.16162E+05
 ConcVol  [M/L2] 1   0.16116E+04  0.16116E+04
 cMean    [M/L3] 1   0.77492E+02  0.77492E+02
 Top Flux [L/T]     -0.23636E+01
 Bot Flux [L/T]     -0.12745E-07
 WatBalT  [L]       -0.28610E-05
 WatBalR  [%]              0.000
 CncBalT  [M]    1  -0.18311E-01
 CncBalR  [%]    1         0.002
----------------------------------------------------------

----------------------------------------------------------
 Time       [T]      256.0000
----------------------------------------------------------
 Sub-region num.                     1
----------------------------------------------------------
 Length   [L]        0.10000E+03  0.10000E+03
 W-volume [L]        0.14212E+02  0.14212E+02
 In-flow  [L/T]     -0.37435E+00 -0.37435E+00
 h Mean   [L]       -0.15251E+05 -0.15251E+05
 ConcVol  [M/L2] 1   0.15766E+04  0.15766E+04
 cMean    [M/L3] 1   0.81163E+02  0.81163E+02
 Top Flux [L/T]      0.34942E+00
 Bot Flux [L/T]     -0.12745E-07
 WatBalT  [L]        0.95367E-06
 WatBalR  [%]              0.000
 CncBalT  [M]    1  -0.18555E-01
 CncBalR  [%]    1         0.002
----------------------------------------------------------

----------------------------------------------------------
 Time       [T]      257.0000
----------------------------------------------------------
 Sub-region num.                     1
----------------------------------------------------------
 Length   [L]        0.10000E+03  0.10000E+03
 W-volume [L]        0.13849E+02  0.13849E+02
 In-flow  [L/T]     -0.36277E+00 -0.36277E+00
 h Mean   [L]       -0.14887E+05 -0.14887E+05
 ConcVol  [M/L2] 1   0.15322E+04  0.15322E+04
 cMean    [M/L3] 1   0.82972E+02  0.82972E+02
 Top Flux [L/T]      0.32531E+00
 Bot Flux [L/T]     -0.12745E-07
 WatBalT  [L]        0.00000E+00
 WatBalR  [%]              0.000
 CncBalT  [M]    1  -0.18066E-01
 CncBalR  [%]    1         0.001
----------------------------------------------------------

----------------------------------------------------------
 Time       [T]      258.0000
----------------------------------------------------------
 Sub-region num.                     1
----------------------------------------------------------
 Length   [L]        0.10000E+03  0.10000E+03
 W-volume [L]        0.13487E+02  0.13487E+02
 In-flow  [L/T]     -0.26854E+00 -0.26854E+00
 h Mean   [L]       -0.15003E+05 -0.15003E+05
 ConcVol  [M/L2] 1   0.14821E+04  0.14821E+04
 cMean    [M/L3] 1   0.84146E+02  0.84146E+02
 Top Flux [L/T]      0.26854E+00
 Bot Flux [L/T]     -0.12745E-07
 WatBalT  [L]        0.00000E+00
 WatBalR  [%]              0.000
 CncBalT  [M]    1  -0.18311E-01
 CncBalR  [%]    1         0.001
----------------------------------------------------------

----------------------------------------------------------
 Time       [T]      259.0000
----------------------------------------------------------
 Sub-region num.                     1
----------------------------------------------------------
 Length   [L]        0.10000E+03  0.10000E+03
 W-volume [L]        0.13327E+02  0.13327E+02
 In-flow  [L/T]     -0.11988E+00 -0.11988E+00
 h Mean   [L]       -0.14840E+05 -0.14840E+05
 ConcVol  [M/L2] 1   0.14582E+04  0.14582E+04
 cMean    [M/L3] 1   0.84983E+02  0.84983E+02
 Top Flux [L/T]      0.11988E+00
 Bot Flux [L/T]     -0.12745E-07
 WatBalT  [L]        0.11921E-05
 WatBalR  [%]              0.000
 CncBalT  [M]    1  -0.18372E-01
 CncBalR  [%]    1         0.001
----------------------------------------------------------

----------------------------------------------------------
 Time       [T]      260.0000
----------------------------------------------------------
 Sub-region num.                     1
----------------------------------------------------------
 Length   [L]        0.10000E+03  0.10000E+03
 W-volume [L]        0.13225E+02  0.13225E+02
 In-flow  [L/T]     -0.90908E-01 -0.90908E-01
 h Mean   [L]       -0.14708E+05 -0.14708E+05
 ConcVol  [M/L2] 1   0.14424E+04  0.14424E+04
 cMean    [M/L3] 1   0.85579E+02  0.85579E+02
 Top Flux [L/T]      0.90908E-01
 Bot Flux [L/T]     -0.12745E-07
 WatBalT  [L]       -0.23842E-06
 WatBalR  [%]              0.000
 CncBalT  [M]    1  -0.18433E-01
 CncBalR  [%]    1         0.001
----------------------------------------------------------

----------------------------------------------------------
 Time       [T]      261.0000
----------------------------------------------------------
 Sub-region num.                     1
----------------------------------------------------------
 Length   [L]        0.10000E+03  0.10000E+03
 W-volume [L]        0.13148E+02  0.13148E+02
 In-flow  [L/T]     -0.68953E-01 -0.68953E-01
 h Mean   [L]       -0.14603E+05 -0.14603E+05
 ConcVol  [M/L2] 1   0.14300E+04  0.14300E+04
 cMean    [M/L3] 1   0.86043E+02  0.86043E+02
 Top Flux [L/T]      0.68953E-01
 Bot Flux [L/T]     -0.12745E-07
 WatBalT  [L]        0.95367E-06
 WatBalR  [%]              0.000
 CncBalT  [M]    1  -0.18494E-01
 CncBalR  [%]    1         0.001
----------------------------------------------------------

----------------------------------------------------------
 Time       [T]      262.0000
----------------------------------------------------------
 Sub-region num.                     1
----------------------------------------------------------
 Length   [L]        0.10000E+03  0.10000E+03
 W-volume [L]        0.13085E+02  0.13085E+02
 In-flow  [L/T]     -0.58286E-01 -0.58286E-01
 h Mean   [L]       -0.14511E+05 -0.14511E+05
 ConcVol  [M/L2] 1   0.14200E+04  0.14200E+04
 cMean    [M/L3] 1   0.86437E+02  0.86437E+02
 Top Flux [L/T]      0.58285E-01
 Bot Flux [L/T]     -0.12745E-07
 WatBalT  [L]        0.33379E-05
 WatBalR  [%]              0.000
 CncBalT  [M]    1  -0.18616E-01
 CncBalR  [%]    1         0.001
----------------------------------------------------------

----------------------------------------------------------
 Time       [T]      263.0000
----------------------------------------------------------
 Sub-region num.                     1
----------------------------------------------------------
 Length   [L]        0.10000E+03  0.10000E+03
 W-volume [L]        0.13031E+02  0.13031E+02
 In-flow  [L/T]     -0.50858E-01 -0.50858E-01
 h Mean   [L]       -0.14430E+05 -0.14430E+05
 ConcVol  [M/L2] 1   0.14112E+04  0.14112E+04
 cMean    [M/L3] 1   0.86768E+02  0.86768E+02
 Top Flux [L/T]      0.50858E-01
 Bot Flux [L/T]     -0.12745E-07
 WatBalT  [L]        0.71526E-06
 WatBalR  [%]              0.000
 CncBalT  [M]    1  -0.18555E-01
 CncBalR  [%]    1         0.001
----------------------------------------------------------

----------------------------------------------------------
 Time       [T]      264.0000
----------------------------------------------------------
 Sub-region num.                     1
----------------------------------------------------------
 Length   [L]        0.10000E+03  0.10000E+03
 W-volume [L]        0.12984E+02  0.12984E+02
 In-flow  [L/T]     -0.43169E-01 -0.43169E-01
 h Mean   [L]       -0.14362E+05 -0.14362E+05
 ConcVol  [M/L2] 1   0.14036E+04  0.14036E+04
 cMean    [M/L3] 1   0.87054E+02  0.87054E+02
 Top Flux [L/T]      0.43169E-01
 Bot Flux [L/T]     -0.12745E-07
 WatBalT  [L]        0.16689E-05
 WatBalR  [%]              0.000
 CncBalT  [M]    1  -0.18188E-01
 CncBalR  [%]    1         0.001
----------------------------------------------------------

----------------------------------------------------------
 Time       [T]      265.0000
----------------------------------------------------------
 Sub-region num.                     1
----------------------------------------------------------
 Length   [L]        0.10000E+03  0.10000E+03
 W-volume [L]        0.13204E+02  0.13204E+02
 In-flow  [L/T]      0.21969E+00  0.21969E+00
 h Mean   [L]       -0.13906E+05 -0.13906E+05
 ConcVol  [M/L2] 1   0.13931E+04  0.13931E+04
 cMean    [M/L3] 1   0.85258E+02  0.85258E+02
 Top Flux [L/T]     -0.20709E+00
 Bot Flux [L/T]     -0.12745E-07
 WatBalT  [L]        0.71526E-06
 WatBalR  [%]              0.000
 CncBalT  [M]    1  -0.19165E-01
 CncBalR  [%]    1         0.001
----------------------------------------------------------

----------------------------------------------------------
 Time       [T]      266.0000
----------------------------------------------------------
 Sub-region num.                     1
----------------------------------------------------------
 Length   [L]        0.10000E+03  0.10000E+03
 W-volume [L]        0.12983E+02  0.12983E+02
 In-flow  [L/T]     -0.84781E-01 -0.84781E-01
 h Mean   [L]       -0.14214E+05 -0.14214E+05
 ConcVol  [M/L2] 1   0.13744E+04  0.13744E+04
 cMean    [M/L3] 1   0.85686E+02  0.85686E+02
 Top Flux [L/T]      0.84781E-01
 Bot Flux [L/T]     -0.12745E-07
 WatBalT  [L]       -0.34568E-02
 WatBalR  [%]              0.052
 CncBalT  [M]    1  -0.18799E-01
 CncBalR  [%]    1         0.001
----------------------------------------------------------

----------------------------------------------------------
 Time       [T]      267.0000
----------------------------------------------------------
 Sub-region num.                     1
----------------------------------------------------------
 Length   [L]        0.10000E+03  0.10000E+03
 W-volume [L]        0.12926E+02  0.12926E+02
 In-flow  [L/T]     -0.47410E-01 -0.47410E-01
 h Mean   [L]       -0.14171E+05 -0.14171E+05
 ConcVol  [M/L2] 1   0.13677E+04  0.13677E+04
 cMean    [M/L3] 1   0.86042E+02  0.86042E+02
 Top Flux [L/T]      0.47410E-01
 Bot Flux [L/T]     -0.12745E-07
 WatBalT  [L]       -0.34575E-02
 WatBalR  [%]              0.052
 CncBalT  [M]    1  -0.18982E-01
 CncBalR  [%]    1         0.001
----------------------------------------------------------

----------------------------------------------------------
 Time       [T]      268.0000
----------------------------------------------------------
 Sub-region num.                     1
----------------------------------------------------------
 Length   [L]        0.10000E+03  0.10000E+03
 W-volume [L]        0.12887E+02  0.12887E+02
 In-flow  [L/T]     -0.37480E-01 -0.37480E-01
 h Mean   [L]       -0.14122E+05 -0.14122E+05
 ConcVol  [M/L2] 1   0.13627E+04  0.13627E+04
 cMean    [M/L3] 1   0.86327E+02  0.86327E+02
 Top Flux [L/T]      0.37480E-01
 Bot Flux [L/T]     -0.12745E-07
 WatBalT  [L]       -0.34568E-02
 WatBalR  [%]              0.051
 CncBalT  [M]    1  -0.18738E-01
 CncBalR  [%]    1         0.001
----------------------------------------------------------

----------------------------------------------------------
 Time       [T]      269.0000
----------------------------------------------------------
 Sub-region num.                     1
----------------------------------------------------------
 Length   [L]        0.10000E+03  0.10000E+03
 W-volume [L]        0.12854E+02  0.12854E+02
 In-flow  [L/T]     -0.32260E-01 -0.32260E-01
 h Mean   [L]       -0.14079E+05 -0.14079E+05
 ConcVol  [M/L2] 1   0.13583E+04  0.13583E+04
 cMean    [M/L3] 1   0.86572E+02  0.86572E+02
 Top Flux [L/T]      0.32259E-01
 Bot Flux [L/T]     -0.12745E-07
 WatBalT  [L]       -0.34583E-02
 WatBalR  [%]              0.051
 CncBalT  [M]    1  -0.18616E-01
 CncBalR  [%]    1         0.001
----------------------------------------------------------

----------------------------------------------------------
 Time       [T]      270.0000
----------------------------------------------------------
 Sub-region num.                     1
----------------------------------------------------------
 Length   [L]        0.10000E+03  0.10000E+03
 W-volume [L]        0.12825E+02  0.12825E+02
 In-flow  [L/T]     -0.27759E-01 -0.27759E-01
 h Mean   [L]       -0.14038E+05 -0.14038E+05
 ConcVol  [M/L2] 1   0.13542E+04  0.13542E+04
 cMean    [M/L3] 1   0.86789E+02  0.86789E+02
 Top Flux [L/T]      0.27759E-01
 Bot Flux [L/T]     -0.12745E-07
 WatBalT  [L]       -0.34568E-02
 WatBalR  [%]              0.051
 CncBalT  [M]    1  -0.18494E-01
 CncBalR  [%]    1         0.001
----------------------------------------------------------

----------------------------------------------------------
 Time       [T]      271.0000
----------------------------------------------------------
 Sub-region num.                     1
----------------------------------------------------------
 Length   [L]        0.10000E+03  0.10000E+03
 W-volume [L]        0.12799E+02  0.12799E+02
 In-flow  [L/T]     -0.25177E-01 -0.25177E-01
 h Mean   [L]       -0.13997E+05 -0.13997E+05
 ConcVol  [M/L2] 1   0.13506E+04  0.13506E+04
 cMean    [M/L3] 1   0.86983E+02  0.86983E+02
 Top Flux [L/T]      0.25177E-01
 Bot Flux [L/T]     -0.12745E-07
 WatBalT  [L]       -0.34556E-02
 WatBalR  [%]              0.051
 CncBalT  [M]    1  -0.18677E-01
 CncBalR  [%]    1         0.001
----------------------------------------------------------

----------------------------------------------------------
 Time       [T]      272.0000
----------------------------------------------------------
 Sub-region num.                     1
----------------------------------------------------------
 Length   [L]        0.10000E+03  0.10000E+03
 W-volume [L]        0.12775E+02  0.12775E+02
 In-flow  [L/T]     -0.23215E-01 -0.23215E-01
 h Mean   [L]       -0.13959E+05 -0.13959E+05
 ConcVol  [M/L2] 1   0.13472E+04  0.13472E+04
 cMean    [M/L3] 1   0.87159E+02  0.87159E+02
 Top Flux [L/T]      0.23214E-01
 Bot Flux [L/T]     -0.12745E-07
 WatBalT  [L]       -0.34573E-02
 WatBalR  [%]              0.051
 CncBalT  [M]    1  -0.18860E-01
 CncBalR  [%]    1         0.001
----------------------------------------------------------

----------------------------------------------------------
 Time       [T]      273.0000
----------------------------------------------------------
 Sub-region num.                     1
----------------------------------------------------------
 Length   [L]        0.10000E+03  0.10000E+03
 W-volume [L]        0.12754E+02  0.12754E+02
 In-flow  [L/T]     -0.21280E-01 -0.21280E-01
 h Mean   [L]       -0.13924E+05 -0.13924E+05
 ConcVol  [M/L2] 1   0.13440E+04  0.13440E+04
 cMean    [M/L3] 1   0.87315E+02  0.87315E+02
 Top Flux [L/T]      0.21280E-01
 Bot Flux [L/T]     -0.12745E-07
 WatBalT  [L]       -0.34571E-02
 WatBalR  [%]              0.050
 CncBalT  [M]    1  -0.18555E-01
 CncBalR  [%]    1         0.001
----------------------------------------------------------

----------------------------------------------------------
 Time       [T]      274.0000
----------------------------------------------------------
 Sub-region num.                     1
----------------------------------------------------------
 Length   [L]        0.10000E+03  0.10000E+03
 W-volume [L]        0.12733E+02  0.12733E+02
 In-flow  [L/T]     -0.20586E-01 -0.20586E-01
 h Mean   [L]       -0.13889E+05 -0.13889E+05
 ConcVol  [M/L2] 1   0.13410E+04  0.13410E+04
 cMean    [M/L3] 1   0.87466E+02  0.87466E+02
 Top Flux [L/T]      0.20586E-01
 Bot Flux [L/T]     -0.12745E-07
 WatBalT  [L]       -0.34587E-02
 WatBalR  [%]              0.050
 CncBalT  [M]    1  -0.18677E-01
 CncBalR  [%]    1         0.001
----------------------------------------------------------

----------------------------------------------------------
 Time       [T]      275.0000
----------------------------------------------------------
 Sub-region num.                     1
----------------------------------------------------------
 Length   [L]        0.10000E+03  0.10000E+03
 W-volume [L]        0.12714E+02  0.12714E+02
 In-flow  [L/T]     -0.19113E-01 -0.19113E-01
 h Mean   [L]       -0.13857E+05 -0.13857E+05
 ConcVol  [M/L2] 1   0.13381E+04  0.13381E+04
 cMean    [M/L3] 1   0.87600E+02  0.87600E+02
 Top Flux [L/T]      0.19113E-01
 Bot Flux [L/T]     -0.12745E-07
 WatBalT  [L]       -0.34571E-02
 WatBalR  [%]              0.050
 CncBalT  [M]    1  -0.19348E-01
 CncBalR  [%]    1         0.001
----------------------------------------------------------

----------------------------------------------------------
 Time       [T]      276.0000
----------------------------------------------------------
 Sub-region num.                     1
----------------------------------------------------------
 Length   [L]        0.10000E+03  0.10000E+03
 W-volume [L]        0.12696E+02  0.12696E+02
 In-flow  [L/T]     -0.17976E-01 -0.17976E-01
 h Mean   [L]       -0.13825E+05 -0.13825E+05
 ConcVol  [M/L2] 1   0.13353E+04  0.13353E+04
 cMean    [M/L3] 1   0.87726E+02  0.87726E+02
 Top Flux [L/T]      0.17976E-01
 Bot Flux [L/T]     -0.12745E-07
 WatBalT  [L]       -0.34578E-02
 WatBalR  [%]              0.050
 CncBalT  [M]    1  -0.18799E-01
 CncBalR  [%]    1         0.001
----------------------------------------------------------

----------------------------------------------------------
 Time       [T]      277.0000
----------------------------------------------------------
 Sub-region num.                     1
----------------------------------------------------------
 Length   [L]        0.10000E+03  0.10000E+03
 W-volume [L]        0.12679E+02  0.12679E+02
 In-flow  [L/T]     -0.17019E-01 -0.17019E-01
 h Mean   [L]       -0.13797E+05 -0.13797E+05
 ConcVol  [M/L2] 1   0.13327E+04  0.13327E+04
 cMean    [M/L3] 1   0.87845E+02  0.87845E+02
 Top Flux [L/T]      0.17019E-01
 Bot Flux [L/T]     -0.12745E-07
 WatBalT  [L]       -0.34571E-02
 WatBalR  [%]              0.050
 CncBalT  [M]    1  -0.18921E-01
 CncBalR  [%]    1         0.001
----------------------------------------------------------

----------------------------------------------------------
 Time       [T]      278.0000
----------------------------------------------------------
 Sub-region num.                     1
----------------------------------------------------------
 Length   [L]        0.10000E+03  0.10000E+03
 W-volume [L]        0.12664E+02  0.12664E+02
 In-flow  [L/T]     -0.15836E-01 -0.15836E-01
 h Mean   [L]       -0.13768E+05 -0.13768E+05
 ConcVol  [M/L2] 1   0.13302E+04  0.13302E+04
 cMean    [M/L3] 1   0.87955E+02  0.87955E+02
 Top Flux [L/T]      0.15836E-01
 Bot Flux [L/T]     -0.12745E-07
 WatBalT  [L]       -0.34580E-02
 WatBalR  [%]              0.050
 CncBalT  [M]    1  -0.19104E-01
 CncBalR  [%]    1         0.001
----------------------------------------------------------

----------------------------------------------------------
 Time       [T]      279.0000
----------------------------------------------------------
 Sub-region num.                     1
----------------------------------------------------------
 Length   [L]        0.10000E+03  0.10000E+03
 W-volume [L]        0.12648E+02  0.12648E+02
 In-flow  [L/T]     -0.15088E-01 -0.15088E-01
 h Mean   [L]       -0.13741E+05 -0.13741E+05
 ConcVol  [M/L2] 1   0.13278E+04  0.13278E+04
 cMean    [M/L3] 1   0.88061E+02  0.88061E+02
 Top Flux [L/T]      0.15088E-01
 Bot Flux [L/T]     -0.12745E-07
 WatBalT  [L]       -0.34568E-02
 WatBalR  [%]              0.050
 CncBalT  [M]    1  -0.19165E-01
 CncBalR  [%]    1         0.001
----------------------------------------------------------

----------------------------------------------------------
 Time       [T]      280.0000
----------------------------------------------------------
 Sub-region num.                     1
----------------------------------------------------------
 Length   [L]        0.10000E+03  0.10000E+03
 W-volume [L]        0.12635E+02  0.12635E+02
 In-flow  [L/T]     -0.13928E-01 -0.13928E-01
 h Mean   [L]       -0.13714E+05 -0.13714E+05
 ConcVol  [M/L2] 1   0.13256E+04  0.13256E+04
 cMean    [M/L3] 1   0.88158E+02  0.88158E+02
 Top Flux [L/T]      0.13928E-01
 Bot Flux [L/T]     -0.12745E-07
 WatBalT  [L]       -0.34587E-02
 WatBalR  [%]              0.050
 CncBalT  [M]    1  -0.18738E-01
 CncBalR  [%]    1         0.001
----------------------------------------------------------

----------------------------------------------------------
 Time       [T]      281.0000
----------------------------------------------------------
 Sub-region num.                     1
----------------------------------------------------------
 Length   [L]        0.10000E+03  0.10000E+03
 W-volume [L]        0.12621E+02  0.12621E+02
 In-flow  [L/T]     -0.13574E-01 -0.13574E-01
 h Mean   [L]       -0.13691E+05 -0.13691E+05
 ConcVol  [M/L2] 1   0.13234E+04  0.13234E+04
 cMean    [M/L3] 1   0.88257E+02  0.88257E+02
 Top Flux [L/T]      0.13574E-01
 Bot Flux [L/T]     -0.12745E-07
 WatBalT  [L]       -0.34575E-02
 WatBalR  [%]              0.049
 CncBalT  [M]    1  -0.18311E-01
 CncBalR  [%]    1         0.001
----------------------------------------------------------

----------------------------------------------------------
 Time       [T]      282.0000
----------------------------------------------------------
 Sub-region num.                     1
----------------------------------------------------------
 Length   [L]        0.10000E+03  0.10000E+03
 W-volume [L]        0.12607E+02  0.12607E+02
 In-flow  [L/T]     -0.13116E-01 -0.13116E-01
 h Mean   [L]       -0.13668E+05 -0.13668E+05
 ConcVol  [M/L2] 1   0.13214E+04  0.13214E+04
 cMean    [M/L3] 1   0.88350E+02  0.88350E+02
 Top Flux [L/T]      0.13116E-01
 Bot Flux [L/T]     -0.12745E-07
 WatBalT  [L]       -0.34566E-02
 WatBalR  [%]              0.049
 CncBalT  [M]    1  -0.18494E-01
 CncBalR  [%]    1         0.001
----------------------------------------------------------

----------------------------------------------------------
 Time       [T]      283.0000
----------------------------------------------------------
 Sub-region num.                     1
----------------------------------------------------------
 Length   [L]        0.10000E+03  0.10000E+03
 W-volume [L]        0.12595E+02  0.12595E+02
 In-flow  [L/T]     -0.12731E-01 -0.12731E-01
 h Mean   [L]       -0.13646E+05 -0.13646E+05
 ConcVol  [M/L2] 1   0.13193E+04  0.13193E+04
 cMean    [M/L3] 1   0.88439E+02  0.88439E+02
 Top Flux [L/T]      0.12731E-01
 Bot Flux [L/T]     -0.12745E-07
 WatBalT  [L]       -0.34578E-02
 WatBalR  [%]              0.049
 CncBalT  [M]    1  -0.18799E-01
 CncBalR  [%]    1         0.001
----------------------------------------------------------
 
 Calculation time [sec]  0.370000004768372     
