 ******* Program HYDRUS
 ******* 
 Welcome to HYDRUS-1D                                                    
 Date:  30. 1.2024    Time:  16:22:54
 Units: L = cm   , T = days , M = mmol 


    TLevel      Time           dt     ItrW ItrC    ItCum  KodT  KodB Converg  Peclet   Courant

        1  0.2520010E+03  0.10000E-02    2    1        2    -4    -5     T     0.133     0.004
       21  0.2528045E+03  0.19550E+00    5    1       50     4    -5     T     0.054     0.002
       22  0.2530000E+03  0.19550E+00    5    1       55     4    -5     T     0.053     0.001
       41  0.2530495E+03  0.48268E-02    4    1      129    -4    -5     T     0.135     0.059
       61  0.2531954E+03  0.10604E-01    4    1      215    -4    -5     T     0.138     0.110
       81  0.2534393E+03  0.13786E-01    4    1      300    -4    -5     T     0.142     0.129
      101  0.2537688E+03  0.17922E-01    5    1      395    -4    -5     T     0.147     0.158
      114  0.2540000E+03  0.17747E-01    5    1      459    -4    -5     T     0.150     0.152
      121  0.2540176E+03  0.48268E-02    2    1      473    -4    -5     T     0.151     0.044
      141  0.2543432E+03  0.17922E-01    5    1      557    -4    -5     T     0.155     0.158
      161  0.2547016E+03  0.17922E-01    4    1      641    -4    -5     T     0.160     0.155
      178  0.2550000E+03  0.17297E-01    4    1      710    -4    -5     T     0.163     0.148
      181  0.2550538E+03  0.17922E-01    4    1      723    -4    -5     T     0.164     0.112
      201  0.2555331E+03  0.39374E-01    4    1      801    -4    -5     T     0.166     0.103
      211  0.2560000E+03  0.54339E-01    4    1      842    -4    -5     T     0.167     0.099
      221  0.2567894E+03  0.10532E+00    4    1      881    -4    -5     T     0.167     0.228
      223  0.2570000E+03  0.10532E+00    3    1      887    -4    -5     T     0.166     0.245
      232  0.2580000E+03  0.47619E-01    6    1      941     4    -5     T     0.165     0.169
      241  0.2580320E+03  0.81573E-02    2    1      959     4    -5     T     0.165     0.026
      256  0.2590000E+03  0.65168E-01    2    1     1002     4    -5     T     0.163     0.109
      261  0.2600000E+03  0.27778E+00    4    1     1017     4    -5     T     0.160     0.356
      266  0.2610000E+03  0.12500E+00    2    1     1040     4    -5     T     0.158     0.123
      274  0.2620000E+03  0.13889E+00    2    1     1076     4    -5     T     0.156     0.116
      281  0.2620176E+03  0.48268E-02    2    1     1090     4    -5     T     0.156     0.004
      296  0.2630000E+03  0.19550E+00    2    1     1120     4    -5     T     0.154     0.143
      301  0.2630090E+03  0.28561E-02    2    1     1130     4    -5     T     0.154     0.002
      318  0.2640000E+03  0.19550E+00    2    1     1164     4    -5     T     0.152     0.122
      321  0.2640040E+03  0.16900E-02    2    1     1172    -4    -5     T     0.152     0.003
      341  0.2643772E+03  0.51186E-01    4    1     1238    -4    -5     T     0.151     0.067
      350  0.2650000E+03  0.10037E+00    3    1     1270    -4    -5     T     0.151     0.128
      361  0.2660000E+03  0.74074E-01    2    1     1319     4    -5     T     0.149     0.087
      367  0.2670000E+03  0.23438E+00    2    1     1339     4    -5     T     0.147     0.159
      370  0.2680000E+03  0.37500E+00    2    1     1346     4    -5     T     0.145     0.204
      374  0.2690000E+03  0.16667E+00    2    1     1367     4    -5     T     0.144     0.078
      377  0.2700000E+03  0.37500E+00    2    1     1373     4    -5     T     0.141     0.153
      379  0.2710000E+03  0.50000E+00    2    1     1377     4    -5     T     0.140     0.185
      381  0.2720000E+03  0.50000E+00    2    1     1381     4    -5     T     0.139     0.171
      382  0.2730000E+03  0.10000E+01    3    1     1384     4    -5     T     0.137     0.316
      383  0.2740000E+03  0.10000E+01    3    1     1387     4    -5     T     0.136     0.306
      384  0.2750000E+03  0.10000E+01    3    1     1390     4    -5     T     0.133     0.285
      385  0.2760000E+03  0.10000E+01    2    1     1392     4    -5     T     0.133     0.268
      386  0.2770000E+03  0.10000E+01    3    1     1395     4    -5     T     0.131     0.254
      387  0.2780000E+03  0.10000E+01    2    1     1397     4    -5     T     0.129     0.237
      388  0.2790000E+03  0.10000E+01    2    1     1399     4    -5     T     0.130     0.226
      389  0.2800000E+03  0.10000E+01    2    1     1401     4    -5     T     0.128     0.210
      401  0.2800743E+03  0.17922E-01    2    1     1426     4    -5     T     0.128     0.004
      411  0.2810000E+03  0.19550E+00    2    1     1446     4    -5     T     0.126     0.040
      414  0.2820000E+03  0.37500E+00    2    1     1452     4    -5     T     0.126     0.074
      416  0.2830000E+03  0.50000E+00    2    1     1456     4    -5     T     0.125     0.096
end
