 ******* Program HYDRUS
 ******* 
 Welcome to HYDRUS-1D                                                    
 Date:  30. 1.2024    Time:  16:22:54
 Units: L = cm   , T = days , M = mmol 

       Time          rTop        rRoot        vTop         vRoot        vBot       sum(rTop)   sum(rRoot)    sum(vTop)   sum(vRoot)    sum(vBot)      hTop         hRoot        hBot        RunOff    sum(RunOff)     Volume     sum(Infil)    sum(Evap) TLevel Cum(WTrans)  SnowLayer
        [T]         [L/T]        [L/T]        [L/T]        [L/T]        [L/T]         [L]          [L]          [L]         [L]           [L]         [L]           [L]         [L]          [L/T]         [L]          [L]          [L]          [L]

     252.0010  0.47630E+00  0.00000E+00  0.47630E+00  0.00000E+00 -0.12745E-07  0.47630E-03  0.00000E+00  0.47630E-03  0.00000E+00 -0.12745E-10 -0.22213E+05 -0.19783E+05 -0.19756E+05  0.00000E+00  0.00000E+00  0.99995E+01  0.00000E+00  0.47630E-03      1  0.00000E+00      0.000
     252.8045  0.47630E+00  0.00000E+00  0.64047E-03  0.00000E+00 -0.12745E-07  0.38318E+00  0.00000E+00  0.58806E-02  0.00000E+00 -0.10253E-07 -0.10000E+06 -0.20691E+05 -0.19756E+05  0.00000E+00  0.00000E+00  0.99941E+01  0.00000E+00  0.58806E-02     21  0.00000E+00      0.000
     253.0000  0.47630E+00  0.00000E+00  0.61341E-03  0.00000E+00 -0.12745E-07  0.47630E+00  0.00000E+00  0.60005E-02  0.00000E+00 -0.12745E-07 -0.10000E+06 -0.20697E+05 -0.19756E+05  0.00000E+00  0.00000E+00  0.99940E+01  0.00000E+00  0.60005E-02     22  0.00000E+00      0.000
     253.0495 -0.22237E+01  0.00000E+00 -0.22237E+01  0.00000E+00 -0.12745E-07  0.36622E+00  0.00000E+00 -0.10408E+00  0.00000E+00 -0.13375E-07 -0.32533E+03 -0.18903E+05 -0.19756E+05  0.00000E+00  0.00000E+00  0.10104E+02  0.13366E+00  0.29579E-01     41  0.00000E+00      0.000
     253.1954 -0.22237E+01  0.00000E+00 -0.22237E+01  0.00000E+00 -0.12745E-07  0.41845E-01  0.00000E+00 -0.42846E+00  0.00000E+00 -0.15234E-07 -0.11813E+03 -0.17685E+05 -0.19756E+05  0.00000E+00  0.00000E+00  0.10428E+02  0.52751E+00  0.99058E-01     61  0.00000E+00      0.000
     253.4393 -0.22237E+01  0.00000E+00 -0.22237E+01  0.00000E+00 -0.12745E-07 -0.50052E+00  0.00000E+00 -0.97082E+00  0.00000E+00 -0.18343E-07 -0.72554E+02 -0.16043E+05 -0.19756E+05  0.00000E+00  0.00000E+00  0.10971E+02  0.11861E+01  0.21523E+00     81  0.00000E+00      0.000
     253.7688 -0.22237E+01  0.00000E+00 -0.22237E+01  0.00000E+00 -0.12745E-07 -0.12332E+01  0.00000E+00 -0.17035E+01  0.00000E+00 -0.22542E-07 -0.51700E+02 -0.14120E+05 -0.19756E+05  0.00000E+00  0.00000E+00  0.11703E+02  0.20757E+01  0.37216E+00    101  0.00000E+00      0.000
     254.0000 -0.22237E+01  0.00000E+00 -0.22237E+01  0.00000E+00 -0.12745E-07 -0.17474E+01  0.00000E+00 -0.22177E+01  0.00000E+00 -0.25489E-07 -0.43715E+02 -0.12903E+05 -0.19756E+05  0.00000E+00  0.00000E+00  0.12218E+02  0.27000E+01  0.48230E+00    114  0.00000E+00      0.000
     254.0176 -0.23684E+01  0.00000E+00 -0.23684E+01  0.00000E+00 -0.12745E-07 -0.17890E+01  0.00000E+00 -0.22593E+01  0.00000E+00 -0.25713E-07 -0.42494E+02 -0.12808E+05 -0.19756E+05  0.00000E+00  0.00000E+00  0.12259E+02  0.27492E+01  0.48989E+00    121  0.00000E+00      0.000
     254.3432 -0.23684E+01  0.00000E+00 -0.23684E+01  0.00000E+00 -0.12745E-07 -0.25601E+01  0.00000E+00 -0.30304E+01  0.00000E+00 -0.29862E-07 -0.34140E+02 -0.11027E+05 -0.19756E+05  0.00000E+00  0.00000E+00  0.13030E+02  0.36608E+01  0.63039E+00    141  0.00000E+00      0.000
     254.7016 -0.23684E+01  0.00000E+00 -0.23684E+01  0.00000E+00 -0.12745E-07 -0.34091E+01  0.00000E+00 -0.38794E+01  0.00000E+00 -0.34430E-07 -0.28783E+02 -0.91545E+04 -0.19756E+05  0.00000E+00  0.00000E+00  0.13879E+02  0.46644E+01  0.78507E+00    161  0.00000E+00      0.000
     255.0000 -0.23684E+01  0.00000E+00 -0.23684E+01  0.00000E+00 -0.12745E-07 -0.41158E+01  0.00000E+00 -0.45861E+01  0.00000E+00 -0.38233E-07 -0.25639E+02 -0.76196E+04 -0.19756E+05  0.00000E+00  0.00000E+00  0.14586E+02  0.55000E+01  0.91386E+00    178  0.00000E+00      0.000
     255.0538  0.37435E+00  0.00000E+00  0.37435E+00  0.00000E+00 -0.12745E-07 -0.40957E+01  0.00000E+00 -0.45660E+01  0.00000E+00 -0.38919E-07 -0.44144E+02 -0.72980E+04 -0.19756E+05  0.00000E+00  0.00000E+00  0.14566E+02  0.55000E+01  0.93398E+00    181  0.00000E+00      0.000
     255.5331  0.37435E+00  0.00000E+00  0.37435E+00  0.00000E+00 -0.12745E-07 -0.39163E+01  0.00000E+00 -0.43866E+01  0.00000E+00 -0.45028E-07 -0.10703E+03 -0.55416E+04 -0.19756E+05  0.00000E+00  0.00000E+00  0.14387E+02  0.55000E+01  0.11134E+01    201  0.00000E+00      0.000
     256.0000  0.37435E+00  0.00000E+00  0.37435E+00  0.00000E+00 -0.12745E-07 -0.37415E+01  0.00000E+00 -0.42118E+01  0.00000E+00 -0.50978E-07 -0.17282E+03 -0.45417E+04 -0.19756E+05  0.00000E+00  0.00000E+00  0.14212E+02  0.55000E+01  0.12882E+01    211  0.00000E+00      0.000
     256.7894  0.36277E+00  0.00000E+00  0.36277E+00  0.00000E+00 -0.12745E-07 -0.34551E+01  0.00000E+00 -0.39254E+01  0.00000E+00 -0.61038E-07 -0.42477E+03 -0.35003E+04 -0.19756E+05  0.00000E+00  0.00000E+00  0.13925E+02  0.55000E+01  0.15746E+01    221  0.00000E+00      0.000
     257.0000  0.36277E+00  0.00000E+00  0.36277E+00  0.00000E+00 -0.12745E-07 -0.33787E+01  0.00000E+00 -0.38490E+01  0.00000E+00 -0.63722E-07 -0.62473E+03 -0.33131E+04 -0.19756E+05  0.00000E+00  0.00000E+00  0.13849E+02  0.55000E+01  0.16510E+01    223  0.00000E+00      0.000
     258.0000  0.36784E+00  0.00000E+00  0.26854E+00  0.00000E+00 -0.12745E-07 -0.30109E+01  0.00000E+00 -0.34867E+01  0.00000E+00 -0.76467E-07 -0.10000E+06 -0.37038E+04 -0.19756E+05  0.00000E+00  0.00000E+00  0.13487E+02  0.55000E+01  0.20133E+01    232  0.00000E+00      0.000
     258.0320  0.36517E+00  0.00000E+00  0.23740E+00  0.00000E+00 -0.12745E-07 -0.29992E+01  0.00000E+00 -0.34789E+01  0.00000E+00 -0.76875E-07 -0.10000E+06 -0.36856E+04 -0.19756E+05  0.00000E+00  0.00000E+00  0.13479E+02  0.55006E+01  0.20217E+01    241  0.00000E+00      0.000
     259.0000  0.36517E+00  0.00000E+00  0.11988E+00  0.00000E+00 -0.12745E-07 -0.26457E+01  0.00000E+00 -0.33269E+01  0.00000E+00 -0.89212E-07 -0.10000E+06 -0.31542E+04 -0.19756E+05  0.00000E+00  0.00000E+00  0.13327E+02  0.55200E+01  0.21931E+01    256  0.00000E+00      0.000
     260.0000  0.40326E+00  0.00000E+00  0.90908E-01  0.00000E+00 -0.12745E-07 -0.22424E+01  0.00000E+00 -0.32253E+01  0.00000E+00 -0.10196E-06 -0.10000E+06 -0.27094E+04 -0.19756E+05  0.00000E+00  0.00000E+00  0.13225E+02  0.55200E+01  0.22947E+01    261  0.00000E+00      0.000
     261.0000  0.37630E+00  0.00000E+00  0.68953E-01  0.00000E+00 -0.12745E-07 -0.18661E+01  0.00000E+00 -0.31477E+01  0.00000E+00 -0.11470E-06 -0.10000E+06 -0.23569E+04 -0.19756E+05  0.00000E+00  0.00000E+00  0.13148E+02  0.55200E+01  0.23723E+01    266  0.00000E+00      0.000
     262.0000  0.34933E+00  0.00000E+00  0.58285E-01  0.00000E+00 -0.12745E-07 -0.15168E+01  0.00000E+00 -0.30851E+01  0.00000E+00 -0.12745E-06 -0.10000E+06 -0.20783E+04 -0.19756E+05  0.00000E+00  0.00000E+00  0.13085E+02  0.55200E+01  0.24349E+01    274  0.00000E+00      0.000
     262.0176  0.91510E-01  0.00000E+00  0.58180E-01  0.00000E+00 -0.12745E-07 -0.15152E+01  0.00000E+00 -0.30840E+01  0.00000E+00 -0.12767E-06 -0.10000E+06 -0.20746E+04 -0.19756E+05  0.00000E+00  0.00000E+00  0.13084E+02  0.55239E+01  0.24398E+01    281  0.00000E+00      0.000
     263.0000  0.91510E-01  0.00000E+00  0.50858E-01  0.00000E+00 -0.12745E-07 -0.14253E+01  0.00000E+00 -0.30308E+01  0.00000E+00 -0.14019E-06 -0.10000E+06 -0.19801E+04 -0.19756E+05  0.00000E+00  0.00000E+00  0.13031E+02  0.57400E+01  0.27092E+01    296  0.00000E+00      0.000
     263.0090  0.27659E+00  0.00000E+00  0.50492E-01  0.00000E+00 -0.12745E-07 -0.14228E+01  0.00000E+00 -0.30304E+01  0.00000E+00 -0.14030E-06 -0.10000E+06 -0.19797E+04 -0.19756E+05  0.00000E+00  0.00000E+00  0.13030E+02  0.57404E+01  0.27100E+01    301  0.00000E+00      0.000
     264.0000  0.27659E+00  0.00000E+00  0.43169E-01  0.00000E+00 -0.12745E-07 -0.11487E+01  0.00000E+00 -0.29843E+01  0.00000E+00 -0.15293E-06 -0.10000E+06 -0.19606E+04 -0.19756E+05  0.00000E+00  0.00000E+00  0.12984E+02  0.57800E+01  0.27957E+01    318  0.00000E+00      0.000
     264.0040 -0.21969E+00  0.00000E+00 -0.21969E+00  0.00000E+00 -0.12745E-07 -0.11496E+01  0.00000E+00 -0.29852E+01  0.00000E+00 -0.15298E-06 -0.67807E+05 -0.15976E+04 -0.19756E+05  0.00000E+00  0.00000E+00  0.12985E+02  0.57820E+01  0.27968E+01    321  0.00000E+00      0.000
     264.3772 -0.21969E+00  0.00000E+00 -0.21969E+00  0.00000E+00 -0.12745E-07 -0.12316E+01  0.00000E+00 -0.30672E+01  0.00000E+00 -0.15774E-06 -0.56707E+03 -0.71030E+03 -0.19756E+05  0.00000E+00  0.00000E+00  0.13067E+02  0.59686E+01  0.29014E+01    341  0.00000E+00      0.000
     265.0000 -0.21969E+00  0.00000E+00 -0.21969E+00  0.00000E+00 -0.12745E-07 -0.13684E+01  0.00000E+00 -0.32040E+01  0.00000E+00 -0.16568E-06 -0.30310E+03 -0.63857E+03 -0.19756E+05  0.00000E+00  0.00000E+00  0.13204E+02  0.62800E+01  0.30760E+01    350  0.00000E+00      0.000
     266.0000  0.27759E+00  0.00000E+00  0.84781E-01  0.00000E+00 -0.12745E-07 -0.10908E+01  0.00000E+00 -0.29868E+01  0.00000E+00 -0.17842E-06 -0.10000E+06 -0.18908E+04 -0.19756E+05  0.00000E+00  0.00000E+00  0.12983E+02  0.62800E+01  0.32932E+01    361  0.00000E+00      0.000
     267.0000  0.26008E+00  0.00000E+00  0.47410E-01  0.00000E+00 -0.12745E-07 -0.83074E+00  0.00000E+00 -0.29299E+01  0.00000E+00 -0.19117E-06 -0.10000E+06 -0.19418E+04 -0.19756E+05  0.00000E+00  0.00000E+00  0.12926E+02  0.62800E+01  0.33501E+01    367  0.00000E+00      0.000
     268.0000  0.27836E+00  0.00000E+00  0.37480E-01  0.00000E+00 -0.12745E-07 -0.55238E+00  0.00000E+00 -0.28905E+01  0.00000E+00 -0.20391E-06 -0.10000E+06 -0.19740E+04 -0.19756E+05  0.00000E+00  0.00000E+00  0.12887E+02  0.62800E+01  0.33895E+01    370  0.00000E+00      0.000
     269.0000  0.28132E+00  0.00000E+00  0.32259E-01  0.00000E+00 -0.12745E-07 -0.27106E+00  0.00000E+00 -0.28573E+01  0.00000E+00 -0.21666E-06 -0.10000E+06 -0.19995E+04 -0.19756E+05  0.00000E+00  0.00000E+00  0.12854E+02  0.62800E+01  0.34227E+01    374  0.00000E+00      0.000
     270.0000  0.29371E+00  0.00000E+00  0.27759E-01  0.00000E+00 -0.12745E-07  0.22649E-01  0.00000E+00 -0.28280E+01  0.00000E+00 -0.22940E-06 -0.10000E+06 -0.20241E+04 -0.19756E+05  0.00000E+00  0.00000E+00  0.12825E+02  0.62800E+01  0.34520E+01    377  0.00000E+00      0.000
     271.0000  0.32204E+00  0.00000E+00  0.25177E-01  0.00000E+00 -0.12745E-07  0.34469E+00  0.00000E+00 -0.28022E+01  0.00000E+00 -0.24215E-06 -0.10000E+06 -0.20491E+04 -0.19756E+05  0.00000E+00  0.00000E+00  0.12799E+02  0.62800E+01  0.34778E+01    379  0.00000E+00      0.000
     272.0000  0.37236E+00  0.00000E+00  0.23214E-01  0.00000E+00 -0.12745E-07  0.71704E+00  0.00000E+00 -0.27788E+01  0.00000E+00 -0.25489E-06 -0.10000E+06 -0.20726E+04 -0.19756E+05  0.00000E+00  0.00000E+00  0.12775E+02  0.62800E+01  0.35012E+01    381  0.00000E+00      0.000
     273.0000  0.39601E+00  0.00000E+00  0.21280E-01  0.00000E+00 -0.12745E-07  0.11131E+01  0.00000E+00 -0.27575E+01  0.00000E+00 -0.26763E-06 -0.10000E+06 -0.20931E+04 -0.19756E+05  0.00000E+00  0.00000E+00  0.12754E+02  0.62800E+01  0.35225E+01    382  0.00000E+00      0.000
     274.0000  0.39808E+00  0.00000E+00  0.20586E-01  0.00000E+00 -0.12745E-07  0.15111E+01  0.00000E+00 -0.27369E+01  0.00000E+00 -0.28038E-06 -0.10000E+06 -0.21144E+04 -0.19756E+05  0.00000E+00  0.00000E+00  0.12733E+02  0.62800E+01  0.35431E+01    383  0.00000E+00      0.000
     275.0000  0.39712E+00  0.00000E+00  0.19113E-01  0.00000E+00 -0.12745E-07  0.19083E+01  0.00000E+00 -0.27178E+01  0.00000E+00 -0.29312E-06 -0.10000E+06 -0.21350E+04 -0.19756E+05  0.00000E+00  0.00000E+00  0.12714E+02  0.62800E+01  0.35622E+01    384  0.00000E+00      0.000
     276.0000  0.33098E+00  0.00000E+00  0.17976E-01  0.00000E+00 -0.12745E-07  0.22392E+01  0.00000E+00 -0.26999E+01  0.00000E+00 -0.30587E-06 -0.10000E+06 -0.21547E+04 -0.19756E+05  0.00000E+00  0.00000E+00  0.12696E+02  0.62800E+01  0.35801E+01    385  0.00000E+00      0.000
     277.0000  0.32068E+00  0.00000E+00  0.17019E-01  0.00000E+00 -0.12745E-07  0.25599E+01  0.00000E+00 -0.26828E+01  0.00000E+00 -0.31861E-06 -0.10000E+06 -0.21743E+04 -0.19756E+05  0.00000E+00  0.00000E+00  0.12679E+02  0.62800E+01  0.35972E+01    386  0.00000E+00      0.000
     278.0000  0.29673E+00  0.00000E+00  0.15836E-01  0.00000E+00 -0.12745E-07  0.28566E+01  0.00000E+00 -0.26670E+01  0.00000E+00 -0.33136E-06 -0.10000E+06 -0.21928E+04 -0.19756E+05  0.00000E+00  0.00000E+00  0.12664E+02  0.62800E+01  0.36130E+01    387  0.00000E+00      0.000
     279.0000  0.30475E+00  0.00000E+00  0.15088E-01  0.00000E+00 -0.12745E-07  0.31614E+01  0.00000E+00 -0.26519E+01  0.00000E+00 -0.34410E-06 -0.10000E+06 -0.22110E+04 -0.19756E+05  0.00000E+00  0.00000E+00  0.12648E+02  0.62800E+01  0.36281E+01    388  0.00000E+00      0.000
     280.0000  0.31214E+00  0.00000E+00  0.13928E-01  0.00000E+00 -0.12745E-07  0.34735E+01  0.00000E+00 -0.26380E+01  0.00000E+00 -0.35685E-06 -0.10000E+06 -0.22258E+04 -0.19756E+05  0.00000E+00  0.00000E+00  0.12635E+02  0.62800E+01  0.36420E+01    389  0.00000E+00      0.000
     280.0743  0.28323E+00  0.00000E+00  0.14419E-01  0.00000E+00 -0.12745E-07  0.34946E+01  0.00000E+00 -0.26369E+01  0.00000E+00 -0.35779E-06 -0.10000E+06 -0.22278E+04 -0.19756E+05  0.00000E+00  0.00000E+00  0.12633E+02  0.62815E+01  0.36446E+01    401  0.00000E+00      0.000
     281.0000  0.28323E+00  0.00000E+00  0.13574E-01  0.00000E+00 -0.12745E-07  0.37568E+01  0.00000E+00 -0.26241E+01  0.00000E+00 -0.36959E-06 -0.10000E+06 -0.22451E+04 -0.19756E+05  0.00000E+00  0.00000E+00  0.12621E+02  0.63000E+01  0.36759E+01    411  0.00000E+00      0.000
     282.0000  0.26420E+00  0.00000E+00  0.13116E-01  0.00000E+00 -0.12745E-07  0.40210E+01  0.00000E+00 -0.26109E+01  0.00000E+00 -0.38234E-06 -0.10000E+06 -0.22629E+04 -0.19756E+05  0.00000E+00  0.00000E+00  0.12607E+02  0.63000E+01  0.36892E+01    414  0.00000E+00      0.000
     283.0000  0.25298E+00  0.00000E+00  0.12731E-01  0.00000E+00 -0.12745E-07  0.42739E+01  0.00000E+00 -0.25980E+01  0.00000E+00 -0.39508E-06 -0.10000E+06 -0.22804E+04 -0.19756E+05  0.00000E+00  0.00000E+00  0.12595E+02  0.63000E+01  0.37020E+01    416  0.00000E+00      0.000
end
